Box size: max: 20.70783 min: 0.99219617 in Ang
T: 1073
Cation charge: 1  Anion charge: -1
Lag time  Cat-Cat_self  An-An_self  Cat-Cat_cross  An-An_cross  Cat-An_cross
0.0  0.0  0.0  0.0  0.0  -0.0
0.005  1.733123942339276  1.1349372721288171  -0.019595547290755203  -0.009536864365210987  0.07191084365020171
0.01  3.3883323940164387  2.2445648298783922  -0.03896490560154499  -0.019022259141917467  0.13044436924969396
0.015  4.903652047108036  3.307130914853828  -0.057928355793809984  -0.02841835040991827  0.1643067849727974
0.02  6.242165322987951  4.306673072791236  -0.0763809496760321  -0.03770690921081421  0.16572201984087817
0.025  7.392605588242337  5.233530527588704  -0.09429380284767232  -0.04688686693309397  0.13091722153604637
0.03  8.3641025997238  6.083597004170533  -0.11168539356310234  -0.055963429972637264  0.059787114000205005
0.035  9.178648064201978  6.856999170359539  -0.1285742992671911  -0.06493329994983424  -0.044924741372067124
0.04  9.863915252641204  7.556725622399093  -0.14493304052095443  -0.0737724732789685  -0.17858988631262387
0.045  10.447851888833851  8.18750526103023  -0.16066508440042454  -0.08243192731671531  -0.33557155959735563
0.05  10.95546356799397  8.755042631686667  -0.17562236464284742  -0.0908424471643077  -0.5099061709844925
0.055  11.407514386541594  9.265570002788333  -0.189663471468157  -0.09892554981008686  -0.6957776008882798
0.06  11.82051891819919  9.72559363435012  -0.20272718185906147  -0.10660573064435844  -0.8878186281842256
0.065  12.207351811214858  10.14170943751347  -0.21488201522152295  -0.11382017436737127  -1.0812843067755098
0.07  12.577956551533829  10.520415570036207  -0.2263245452426029  -0.12052392734913658  -1.272140816508218
0.075  12.939870957632083  10.86791023332914  -0.23732781745895237  -0.12669070853138892  -1.457105500586793
0.08  13.298509139462329  11.189900540915142  -0.24816486182846612  -0.13231136309578487  -1.6336584311640359
0.085  13.657287463287394  11.49145619685704  -0.2590388832308438  -0.1373921753474998  -1.800032704470865
0.09  14.01772993216475  11.776928655350599  -0.27004329331096283  -0.1419540188099222  -1.9551853293095587
0.095  14.379655477860606  12.049936124603347  -0.2811597247202713  -0.14603180778304056  -2.098747922913238
0.1  14.741483774725724  12.313398513049453  -0.2922882864363518  -0.14967297225993148  -2.2309552718504104
0.105  15.100636757463842  12.569599461571903  -0.3032955503301349  -0.15293398804876487  -2.3525506676535417
0.11  15.453975866923884  12.820255461148397  -0.31406265017489  -0.15587507155523672  -2.464667983333111
0.115  15.79820632565572  13.066581642603637  -0.324518441429162  -0.15855442719042614  -2.5686958858417803
0.12  16.13020164795904  13.309353793009524  -0.33464908473926364  -0.1610240132655955  -2.6661407609727146
0.125  16.447237924322344  13.54897131558909  -0.3444818208513757  -0.16332801840747568  -2.75851003151367
0.13  16.747149611215224  13.78552554148947  -0.3540483058133143  -0.1655034568059477  -2.8472270764185312
0.135  17.02841813793803  14.01887387271496  -0.3633443609317632  -0.16758092076155223  -2.9335720247618164
0.14  17.29019977373467  14.248715426698636  -0.37230989159760436  -0.16958409010354733  -3.0186362992293447
0.145  17.532302555082605  14.47466116970103  -0.3808438907307288  -0.17152851249733397  -3.1032863722789954
0.15  17.75512464977095  14.69629222819414  -0.3888488940044656  -0.17342116647934167  -3.1881416144249664
0.155  17.959562898371928  14.91320314633121  -0.39628213388664285  -0.17526168869723313  -3.2735741567093166
0.16  18.14689936911104  15.125030442381053  -0.40318723234145254  -0.17704482661413654  -3.359736725720769
0.165  18.31867688694327  15.331469532414792  -0.4096913810221336  -0.1787627303956058  -3.446616851486635
0.17  18.476574720033614  15.532283915098553  -0.415972559000614  -0.18040600850628188  -3.5341044203846166
0.175  18.622293901692807  15.727308902254038  -0.42221617008365775  -0.18196379750676717  -3.6220538951814802
0.18  18.757462216433563  15.916449958708641  -0.42857920768935204  -0.18342392111785397  -3.7103264203694946
0.185  18.88356657566216  16.099675695358556  -0.43516885093839736  -0.18477366313861326  -3.7988058903972752
0.19  19.001911657641823  16.27700753289862  -0.4420357951719411  -0.18600086692022855  -3.887393104529007
0.195  19.113598366506693  16.44850941317161  -0.44918033588413725  -0.18709524527855884  -3.975987948133406
0.2  19.219518546412388  16.614280333330974  -0.4565649209635873  -0.18805024926080743  -4.064468642687024
0.205  19.320365575443347  16.77445049405303  -0.46412457760554726  -0.1888655602798217  -4.152674559533536
0.21  19.416659493779875  16.929179801907395  -0.47177001376815536  -0.18954977265744574  -4.240398438714288
0.215  19.508780875269075  17.078656614746848  -0.4793853125931945  -0.190122864111944  -4.327391832496224
0.22  19.597003277667213  17.223095077644064  -0.4868292079304034  -0.1906182468404695  -4.41338241160849
0.225  19.68151600846432  17.362730049755687  -0.49394871991094075  -0.1910841036379971  -4.498097933098672
0.23  19.76243815660183  17.497809223391524  -0.500604155685522  -0.19158349380961723  -4.5812916154493175
0.235  19.839833246318307  17.628583415127604  -0.5066951124573887  -0.19219249029029425  -4.662763567275211
0.24  19.91373339026906  17.7552974871358  -0.5121773756851885  -0.19299548736437647  -4.7423710515340005
0.245  19.984172351261737  17.8781843103793  -0.5170666469078727  -0.19407738036583308  -4.820023292058297
0.25  20.05121493253088  17.997462673924556  -0.5214301097416064  -0.19551372439968595  -4.895667089569323
0.255  20.11496652045062  18.11333820220846  -0.525371014472234  -0.19736119207921696  -4.969276874386528
0.26  20.175559540583013  18.22600476660012  -0.5290126293793962  -0.19965072732306868  -5.0408589544920215
0.265  20.233131869907034  18.335643311695385  -0.5324860067864838  -0.20238494830204393  -5.110469055094975
0.27  20.287815229844043  18.44241683476902  -0.5359238427996161  -0.20554017161029803  -5.178232795082893
0.275  20.33973891956014  18.546463987367176  -0.539458576340927  -0.20907223124964006  -5.244354987040425
0.28  20.389042504381333  18.647895603031703  -0.5432182755630803  -0.21292441517925442  -5.309105962082356
0.285  20.43588974636663  18.746796227174332  -0.5473146211960908  -0.21703558572718432  -5.3727828844090055
0.29  20.480480083418524  18.84322955728095  -0.5518252925881814  -0.2213469081393643  -5.435657512671559
0.295  20.52305481679142  18.93724578082703  -0.5567804215676179  -0.22580644120016885  -5.497927882590839
0.3  20.56389296380699  19.028889226464443  -0.5621609700773403  -0.23037161961867428  -5.559686607497229
0.305  20.60329303867076  19.118204749567333  -0.5679083334850614  -0.23500986301435633  -5.620911447799541
0.31  20.641542757910635  19.205241390526993  -0.5739374650063054  -0.2396972920682896  -5.6814796381114485
0.315  20.678884151906185  19.290053118476955  -0.5801459315530965  -0.24441573750256465  -5.741202490320672
0.32  20.715485589521716  19.372698090772495  -0.586418485629531  -0.2491493412647526  -5.799869247246276
0.325  20.75143347852093  19.45323812525629  -0.5926335682010218  -0.25388282067352885  -5.857285470669711
0.33  20.786749513272877  19.53173875998509  -0.5986767342471921  -0.2586025106973882  -5.9132963033172325
0.335  20.821426200368254  19.608268938929193  -0.6044575668391459  -0.2632992262819391  -5.967793388763848
0.34  20.85546526965944  19.682899205096692  -0.6099204045821837  -0.2679707269256375  -6.020708739144205
0.345  20.888905342089828  19.75569811721417  -0.6150426131789247  -0.2726218332345408  -6.072001203217296
0.35  20.921832104998703  19.82672783983399  -0.6198237449853047  -0.2772612992656013  -6.1216439284359
0.355  20.954371924130616  19.896040678963193  -0.6242751520610669  -0.2818959999432888  -6.169619415740282
0.36  20.986674896298823  19.963677967387927  -0.628417846151944  -0.28652477555745526  -6.215921745638514
0.365  21.018892811990952  20.029671464083  -0.6322881642063173  -0.29113522897558997  -6.260560162082219
0.37  21.05115550041199  20.09404630805752  -0.6359426196927784  -0.29570554746652805  -6.303561323172687
0.375  21.083550791240835  20.156823972676687  -0.6394532364939882  -0.30021053434566125  -6.344975039460643
0.38  21.116113889870483  20.218023910823128  -0.6428920036056736  -0.30462854959609936  -6.384887268312388
0.385  21.148826164515626  20.277663934333376  -0.6463113349398789  -0.30894573095130645  -6.4234329892387905
0.39  21.18161774396976  20.33576083181638  -0.6497323907692607  -0.3131557582294889  -6.460793895333675
0.395  21.21437059497843  20.39233264229871  -0.6531505880781652  -0.31725618144924955  -6.497173333898929
0.4  21.24692485181997  20.44740215610841  -0.6565566310197014  -0.32124421929098684  -6.5327569052987275
0.405  21.27909115361613  20.500999562293718  -0.6599596667575552  -0.32511460166214295  -6.567674630287431
0.41  21.310664852096014  20.553162548848004  -0.6633971556617523  -0.3288597919053424  -6.601975700342368
0.415  21.341435132312128  20.60393392671781  -0.6669260443593322  -0.3324711355064589  -6.635620005138791
0.42  21.37119004683598  20.653358093407217  -0.6706031718553671  -0.33593971935486494  -6.668487695840517
0.425  21.399727147980784  20.70147765299962  -0.6744683113453795  -0.33925676784209635  -6.70040440666904
0.43  21.42687590692492  20.748331105752015  -0.6785381700785191  -0.34241375500392857  -6.731175211328658
0.435  21.452527666091587  20.793952456419284  -0.6828104793734383  -0.34540240917518183  -6.760621631044947
0.44  21.476664037074602  20.83837327395213  -0.6872709997306273  -0.3482150678942871  -6.788620999603476
0.445  21.49937414962833  20.88162678254463  -0.6918966825078248  -0.3508459461937583  -6.815144448845766
0.45  21.520852506550067  20.923752623085402  -0.6966547558833676  -0.35329326379999126  -6.840279468786856
0.455  21.541376505337553  20.9648005704107  -0.7015027227978825  -0.3555612786706869  -6.864222340515429
0.46  21.561269262623263  21.004831821795737  -0.7063917822821737  -0.3576609799926229  -6.887238539692019
0.465  21.580853765188152  21.043917303861456  -0.7112701950070619  -0.35960878771973664  -6.909603093997061
0.47  21.600406031543322  21.082133365121106  -0.7160827603272819  -0.3614235447864847  -6.9315407148353385
0.475  21.620119029581133  21.11955577317464  -0.7207688401700039  -0.3631226480506078  -6.953186303337564
0.48  21.640087138150754  21.15625317827555  -0.7252651695476607  -0.36471829488714796  -6.974578789278018
0.485  21.660311298885173  21.192281346741783  -0.7295157381185029  -0.3662147428139109  -6.995685427990693
0.49  21.68071626221048  21.22767943237057  -0.7334845577549377  -0.3676069456425408  -7.01643843801357
0.495  21.70117028337755  21.26246933334914  -0.7371647757914336  -0.368880206699476  -7.036765666241184
0.5  21.72150268532975  21.2966586979986  -0.7405800987598847  -0.37001051313536115  -7.056611600667008
0.505  21.741519568559344  21.33024699841172  -0.7437786872557312  -0.3709659316111533  -7.075955241563319
0.51  21.76101983537473  21.36323251495983  -0.7468233058128279  -0.37170975107381554  -7.094826301520309
0.515  21.779814957702506  21.39561764177761  -0.7497820727521499  -0.3722054711258372  -7.113311238768026
0.52  21.797754471595457  21.427411371376678  -0.7527206333349918  -0.3724228993842273  -7.131540531799253
0.525  21.814751983874384  21.45862934105236  -0.7556945271157492  -0.3723442005431294  -7.149660610909185
0.53  21.830801443278865  21.489291924402075  -0.7587439209805189  -0.371968620561051  -7.167805872576412
0.535  21.84597786519826  21.519420359797582  -0.7618953570686171  -0.37131451853574643  -7.186085427334714
0.54  21.860424072528538  21.54903114026771  -0.765170156702083  -0.370417560446543  -7.204585131626787
0.545  21.874328502109908  21.578129982512564  -0.7685922513428419  -0.36932499948861236  -7.223372154332628
0.55  21.887899971510787  21.606707579167352  -0.7721889330701278  -0.3680877296175383  -7.242491990549324
0.555  21.901343481371743  21.634738720127455  -0.7759850484411442  -0.36675311198999305  -7.261962571216915
0.56  21.914838048363958  21.66218448608021  -0.7799971344264315  -0.36536132461602533  -7.2817773190842745
0.565  21.928517554790247  21.6889958133211  -0.7842334311723245  -0.363946080577115  -7.301919807044479
0.57  21.94245752678319  21.715116920383178  -0.7886991477901721  -0.36253815050327337  -7.32238097206537
0.575  21.956671357866924  21.74048865564649  -0.7934017961641497  -0.361168866383642  -7.343170151215846
0.58  21.97111939506988  21.765053173962322  -0.798352897020413  -0.3598712936478984  -7.364317563234846
0.585  21.985731036137445  21.78876099860286  -0.8035650846825134  -0.35867820334729417  -7.385867730116995
0.59  22.00043215135768  21.811579954590602  -0.8090446161853614  -0.3576173824295239  -7.407864087659261
0.595  22.01516726779135  21.833503994693306  -0.8147815421372336  -0.35670609970676126  -7.430330133766185
0.6  22.0299115942984  21.854559223867085  -0.8207429775227135  -0.35594747392467635  -7.4532574875637865
0.605  22.044673326634406  21.87480463862482  -0.8268744033059141  -0.35533085441154627  -7.47660891555678
0.61  22.059487612448027  21.894326774054722  -0.8331083225246901  -0.35483604494412424  -7.500334656599686
0.615  22.074403049465587  21.913230396890036  -0.8393745632229742  -0.3544394680650834  -7.524392414991255
0.62  22.089463196646395  21.931629246145658  -0.8456087697127054  -0.3541205259889307  -7.548763066962005
0.625  22.10469014519704  21.94963944053056  -0.8517606441432702  -0.35386705028285564  -7.573459552729041
0.63  22.120078768272716  21.96737519436645  -0.8578033005906608  -0.3536786136607528  -7.598526487743939
0.635  22.135602772047193  21.984945086100364  -0.8637417785397515  -0.3535664356265802  -7.624027117891064
0.64  22.151224434636028  22.00244763607345  -0.8696170684953671  -0.3535495307772201  -7.650020079991375
0.645  22.16690112641411  22.019965953616982  -0.875501935128436  -0.3536483570054785  -7.676536583156671
0.65  22.182589622319565  22.037561957886048  -0.8814861655040664  -0.3538783763532725  -7.703568691169356
0.655  22.19825130436882  22.0552711046989  -0.8876535969948585  -0.3542457058632521  -7.731070261699237
0.66  22.213856829895366  22.07309882432693  -0.894059948907719  -0.35474600847949606  -7.758964023996575
0.665  22.229387542773797  22.091019876436125  -0.9007213095654082  -0.3553668063916978  -7.787148648681133
0.67  22.244836006349782  22.10898133573456  -0.9076157129527097  -0.3560924398802422  -7.81550454071367
0.675  22.26020879359287  22.12690916204595  -0.9146921585464287  -0.3569098376530492  -7.843899617461469
0.68  22.275526452005437  22.144717440628792  -0.9218788291201874  -0.3578124146764672  -7.8721960038822
0.685  22.290812025947776  22.162318369877998  -0.9290860987106776  -0.358799793470473  -7.900256015053504
0.69  22.306069182219094  22.17963039575724  -0.9362064353936761  -0.3598735006811005  -7.927942314766021
0.695  22.32126264591374  22.196582680226314  -0.9431162735215273  -0.3610318086970425  -7.95511035647878
0.7  22.33631465578719  22.21311634707635  -0.9496832913459271  -0.36226723259628185  -7.981601844076926
0.705  22.3511218224622  22.229184542051236  -0.9557797557613157  -0.36356719066026005  -8.00725310984712
0.71  22.36558404763292  22.244753017013185  -0.9612998618669603  -0.3649155617037063  -8.031924228099207
0.715  22.379629832263536  22.259801834812023  -0.9661756022096032  -0.3662931930045646  -8.055540103850078
0.72  22.393226656263455  22.274328034197012  -0.9703850992809822  -0.36767741280352706  -8.078125567040939
0.725  22.40637573886389  22.2883483637003  -0.97395232492239  -0.36904169241593415  -8.099818801597324
0.73  22.41909772849184  22.301900355284097  -0.9769417907788073  -0.3703562161006722  -8.120857105630547
0.735  22.43141821008869  22.315040316498134  -0.9794511963994145  -0.371589375866078  -8.141539131297542
0.74  22.443360306323093  22.327838561703047  -0.9816017222557504  -0.3727101048780963  -8.162175405590725
0.745  22.454944808539384  22.340373561145658  -0.9835241771894191  -0.37369108926357375  -8.183041284633024
0.75  22.466191242775373  22.3527262375112  -0.985342789499558  -0.37451226882732414  -8.204340690641535
0.755  22.477114793555067  22.36497436466551  -0.9871634115567666  -0.37516296783582487  -8.226180729478282
0.76  22.487721141901954  22.37718678090343  -0.9890715203947333  -0.37564105745227244  -8.248557036951613
0.765  22.498005879414226  22.38941805448669  -0.9911386055344727  -0.3759492354858877  -8.271355474190605
0.77  22.50796340800243  22.401704986226083  -0.9934298754054459  -0.37609030815970856  -8.294377395510761
0.775  22.517601050549818  22.414065931318206  -0.9960048366870314  -0.3760637960387392  -8.317389149541768
0.78  22.526944311589087  22.42650282848194  -0.9989064781445933  -0.37586539163882005  -8.340184890533795
0.785  22.53602231173921  22.439004977773152  -1.0021426430237943  -0.37548930211887666  -8.362642560493581
0.79  22.544839316360633  22.451553329647112  -1.0056689107035954  -0.3749318663215064  -8.384753551255397
0.795  22.553350109507075  22.464124574137507  -1.0093835692407245  -0.37419438783527437  -8.406618525159653
0.8  22.561452876800637  22.476695374083384  -1.0131421206183036  -0.37328441081924185  -8.428416970609906
0.805  22.569002609986498  22.4892473212572  -1.0167891714969588  -0.3722160372694441  -8.450365370371985
0.81  22.575839704473303  22.50177219860951  -1.0201950464099443  -0.37100989983080684  -8.472677146336926
0.815  22.581823302180457  22.51427610972642  -1.0232836754237293  -0.3696926910334914  -8.495532552550761
0.82  22.586858888140167  22.52678088421596  -1.0260447646467115  -0.36829569625350334  -8.519061408281223
0.825  22.590915727098572  22.53932188818289  -1.0285276084755934  -0.36685158155660547  -8.54333665969514
0.83  22.594035848419253  22.551942728198867  -1.0308172240097122  -0.36538886795055725  -8.568373178881817
0.835  22.596335962595305  22.564688687211785  -1.032999356714471  -0.36392466094573983  -8.59412613872737
0.84  22.597999996435707  22.577600875020043  -1.035126011883814  -0.3624576537176196  -8.620487462277486
0.845  22.599260134439028  22.590711950407968  -1.037193408334372  -0.36096389385150557  -8.64728393865478
0.85  22.600369146180135  22.604043367771837  -1.039140252409848  -0.35939719346881727  -8.674282322324013
0.855  22.601570626144326  22.61760413221543  -1.0408682521205102  -0.3576949297318328  -8.701203133805931
0.86  22.60307355597312  22.631391137836484  -1.0422788422234264  -0.35578849390275746  -8.727739843256492
0.865  22.605036661703043  22.645390510006113  -1.0433130166938396  -0.3536159663736098  -8.753580920850421
0.87  22.607565450010053  22.659578563267086  -1.0439801363086354  -0.3511335064745084  -8.778437525022392
0.875  22.610716650971067  22.673921394185175  -1.0443666715165012  -0.348322207765321  -8.80207984977466
0.88  22.614499536695078  22.68837373634257  -1.0446234075364873  -0.34518885095975843  -8.824376537776855
0.885  22.618870832903028  22.702878722523263  -1.0449362119580463  -0.34176132418873545  -8.84532253168313
0.89  22.62373079386393  22.717369644631567  -1.0454883002032231  -0.3380813513419438  -8.865042371955765
0.895  22.628930999518442  22.731773715059703  -1.046421327423627  -0.3341978343272989  -8.883766485106122
0.9  22.634299739413596  22.746017342181965  -1.047803192823332  -0.3301632899364333  -8.901788868077317
0.905  22.639680277505896  22.76003219297032  -1.0496135506737152  -0.326033811680462  -8.919421668766727
0.91  22.644966095599404  22.773760681878546  -1.0517567193329354  -0.32187090082176595  -8.936962512496045
0.915  22.650116140985737  22.78715921854452  -1.05410118237619  -0.3177426895797686  -8.954684067404289
0.92  22.65514403708778  22.800198757049085  -1.0565315727358058  -0.31372254060528765  -8.972845105484845
0.925  22.660089065990988  22.812863985689955  -1.0589924285648502  -0.30988400631155555  -8.99171033500075
0.93  22.664983647775784  22.82515258154417  -1.0615065613523291  -0.30629235016755707  -9.011559327509145
0.935  22.669829022665144  22.837074225745916  -1.0641619390048358  -0.30299444252831453  -9.032670049613293
0.94  22.67458494887508  22.848647931499983  -1.0670739628375396  -0.30001038838801264  -9.05527693129073
0.945  22.679176003226235  22.85989718554243  -1.070338952305668  -0.29733025377521877  -9.079516963545329
0.95  22.68351285698927  22.870844165884336  -1.0739951918131725  -0.2949172885631451  -9.105382291274596
0.955  22.687520578989773  22.881505044949954  -1.0780014618313918  -0.2927164217779534  -9.132693739169232
0.96  22.69116337863026  22.89188799067301  -1.082236007313033  -0.29066498300698806  -9.161102474006237
0.965  22.694459219951852  22.90199460394882  -1.0865145722214846  -0.2887022042483646  -9.190122418170564
0.97  22.69748307768494  22.911824334635174  -1.0906215420529626  -0.28677516784976  -9.219192876914875
0.975  22.70035822478531  22.92138016467111  -1.0943437525911992  -0.2848409876539925  -9.247763785007917
0.98  22.70323459529865  22.930673431069994  -1.0974978138836244  -0.28286672820295033  -9.275386242117506
0.985  22.70625786944972  22.939726097968304  -1.0999480556582244  -0.2808286634937013  -9.30178646829773
0.99  22.70953781556126  22.948569245771406  -1.1016166758538175  -0.2787114619603264  -9.326906133870107
0.995  22.7131230865442  22.95723724211076  -1.1024877985159058  -0.2765073377579681  -9.350901931664756
1.0  22.716986882660226  22.96575854878949  -1.102605106045766  -0.27421553397644605  -9.374104559984906
